time="2022-09-11T12:07:33-04:00" level=debug msg="OpenShift Installer 4.10.25"
time="2022-09-11T12:07:33-04:00" level=debug msg="Built from commit 6db5fb9d56c9284124cf9147afd8f3e79345e907"
time="2022-09-11T12:07:33-04:00" level=debug msg="Fetching Install Config..."
time="2022-09-11T12:07:33-04:00" level=debug msg="Loading Install Config..."
time="2022-09-11T12:07:33-04:00" level=debug msg="  Loading SSH Key..."
time="2022-09-11T12:07:33-04:00" level=debug msg="  Loading Base Domain..."
time="2022-09-11T12:07:33-04:00" level=debug msg="    Loading Platform..."
time="2022-09-11T12:07:33-04:00" level=debug msg="  Loading Cluster Name..."
time="2022-09-11T12:07:33-04:00" level=debug msg="    Loading Base Domain..."
time="2022-09-11T12:07:33-04:00" level=debug msg="    Loading Platform..."
time="2022-09-11T12:07:33-04:00" level=debug msg="  Loading Networking..."
time="2022-09-11T12:07:33-04:00" level=debug msg="    Loading Platform..."
time="2022-09-11T12:07:33-04:00" level=debug msg="  Loading Pull Secret..."
time="2022-09-11T12:07:33-04:00" level=debug msg="  Loading Platform..."
time="2022-09-11T12:07:33-04:00" level=debug msg="  Fetching SSH Key..."
time="2022-09-11T12:07:33-04:00" level=debug msg="  Generating SSH Key..."
time="2022-09-11T12:07:36-04:00" level=debug msg="  Fetching Base Domain..."
time="2022-09-11T12:07:36-04:00" level=debug msg="    Fetching Platform..."
time="2022-09-11T12:07:36-04:00" level=debug msg="    Generating Platform..."
time="2022-09-11T12:07:38-04:00" level=info msg="Credentials loaded from the \"default\" profile in file \"/Users/pnayak/.aws/credentials\""
time="2022-09-11T12:07:41-04:00" level=debug msg="  Generating Base Domain..."
time="2022-09-11T12:07:41-04:00" level=debug msg="listing AWS hosted zones"
time="2022-09-11T12:07:45-04:00" level=debug msg="  Fetching Cluster Name..."
time="2022-09-11T12:07:45-04:00" level=debug msg="    Fetching Base Domain..."
time="2022-09-11T12:07:45-04:00" level=debug msg="    Reusing previously-fetched Base Domain"
time="2022-09-11T12:07:45-04:00" level=debug msg="    Fetching Platform..."
time="2022-09-11T12:07:45-04:00" level=debug msg="    Reusing previously-fetched Platform"
time="2022-09-11T12:07:45-04:00" level=debug msg="  Generating Cluster Name..."
time="2022-09-11T12:07:58-04:00" level=debug msg="  Fetching Networking..."
time="2022-09-11T12:07:58-04:00" level=debug msg="    Fetching Platform..."
time="2022-09-11T12:07:58-04:00" level=debug msg="    Reusing previously-fetched Platform"
time="2022-09-11T12:07:58-04:00" level=debug msg="  Generating Networking..."
time="2022-09-11T12:07:58-04:00" level=debug msg="  Fetching Pull Secret..."
time="2022-09-11T12:07:58-04:00" level=debug msg="  Generating Pull Secret..."
time="2022-09-11T12:08:27-04:00" level=debug msg="  Fetching Platform..."
time="2022-09-11T12:08:27-04:00" level=debug msg="  Reusing previously-fetched Platform"
time="2022-09-11T12:08:27-04:00" level=debug msg="Generating Install Config..."
time="2022-09-11T12:08:27-04:00" level=info msg="Install-Config created in: ../config"
